[INFO ] 2024-02-28 16:18:07.640 [TestNG-test=Test-1] SignUpStepDefs - User navigates to the signuppage
[INFO ] 2024-02-28 16:18:14.818 [TestNG-test=Test-1] SignUpStepDefs - the user enters their first name 
[INFO ] 2024-02-28 16:18:14.951 [TestNG-test=Test-1] SignUpStepDefs - the user enters their last name 
[INFO ] 2024-02-28 16:18:15.040 [TestNG-test=Test-1] SignUpStepDefs - the user enters their email 
[INFO ] 2024-02-28 16:18:15.255 [TestNG-test=Test-1] SignUpStepDefs - the user enters their password 
[INFO ] 2024-02-28 16:18:15.636 [TestNG-test=Test-1] SignUpStepDefs - the user click on create botton 
[INFO ] 2024-02-28 16:18:25.826 [TestNG-test=Test-1] SignUpStepDefs - the user should be registered successfully 
[INFO ] 2024-02-28 16:18:40.848 [TestNG-test=Test-1] SignUpStepDefs - User navigates to the signuppage
[INFO ] 2024-02-28 16:18:47.273 [TestNG-test=Test-1] SignUpStepDefs - the user enters their first name 
[INFO ] 2024-02-28 16:18:47.401 [TestNG-test=Test-1] SignUpStepDefs - the user enters their last name 
[INFO ] 2024-02-28 16:18:47.475 [TestNG-test=Test-1] SignUpStepDefs - the user enters their email 
[INFO ] 2024-02-28 16:18:47.605 [TestNG-test=Test-1] SignUpStepDefs - the user enters their password 
[INFO ] 2024-02-28 16:18:47.698 [TestNG-test=Test-1] SignUpStepDefs - the user click on create botton 
[INFO ] 2024-02-28 16:18:57.891 [TestNG-test=Test-1] SignUpStepDefs - the user should be registered successfully 
[INFO ] 2024-02-28 16:19:04.533 [TestNG-test=Test-1] SignUpStepDefs - User navigates to the signuppage
[INFO ] 2024-02-28 16:19:12.645 [TestNG-test=Test-1] SignUpStepDefs - the user enters their first name 
[INFO ] 2024-02-28 16:19:12.994 [TestNG-test=Test-1] SignUpStepDefs - the user enters their last name 
[INFO ] 2024-02-28 16:19:13.084 [TestNG-test=Test-1] SignUpStepDefs - the user enters their email 
[INFO ] 2024-02-28 16:19:13.523 [TestNG-test=Test-1] SignUpStepDefs - the user enters their password 
[INFO ] 2024-02-28 16:19:13.666 [TestNG-test=Test-1] SignUpStepDefs - the user click on create botton 
[INFO ] 2024-02-28 16:19:23.805 [TestNG-test=Test-1] SignUpStepDefs - the user should be registered successfully 
[INFO ] 2024-02-28 16:19:32.400 [TestNG-test=Test-1] SignUpStepDefs - User navigates to the signuppage
[INFO ] 2024-02-28 16:19:37.918 [TestNG-test=Test-1] SignUpStepDefs - the user enters their first name 
[INFO ] 2024-02-28 16:19:38.149 [TestNG-test=Test-1] SignUpStepDefs - the user enters their last name 
[INFO ] 2024-02-28 16:19:38.263 [TestNG-test=Test-1] SignUpStepDefs - the user enters their email 
[INFO ] 2024-02-28 16:19:38.486 [TestNG-test=Test-1] SignUpStepDefs - the user enters their password 
[INFO ] 2024-02-28 16:19:38.597 [TestNG-test=Test-1] SignUpStepDefs - the user click on create botton 
[INFO ] 2024-02-28 16:19:48.904 [TestNG-test=Test-1] SignUpStepDefs - the user should be registered successfully 
[INFO ] 2024-02-28 16:20:17.620 [TestNG-test=Test-1] SignUpStepDefs - User navigates to the signuppage
[INFO ] 2024-02-28 16:20:22.045 [TestNG-test=Test-1] SignUpStepDefs - the user enters their first name 
[INFO ] 2024-02-28 16:20:22.208 [TestNG-test=Test-1] SignUpStepDefs - the user enters their last name 
[INFO ] 2024-02-28 16:20:22.776 [TestNG-test=Test-1] SignUpStepDefs - the user enters their email 
[INFO ] 2024-02-28 16:20:22.886 [TestNG-test=Test-1] SignUpStepDefs - the user enters their password 
[INFO ] 2024-02-28 16:20:22.968 [TestNG-test=Test-1] SignUpStepDefs - the user click on create botton 
[INFO ] 2024-02-28 16:20:36.136 [TestNG-test=Test-1] SignUpStepDefs - the user should be registered successfully 
[INFO ] 2024-02-28 16:20:48.171 [TestNG-test=Test-1] SignUpStepDefs - User navigates to the signuppage
[INFO ] 2024-02-28 16:20:53.869 [TestNG-test=Test-1] SignUpStepDefs - the user enters their first name 
[INFO ] 2024-02-28 16:20:53.985 [TestNG-test=Test-1] SignUpStepDefs - the user enters their last name 
[INFO ] 2024-02-28 16:20:54.087 [TestNG-test=Test-1] SignUpStepDefs - the user enters their email 
[INFO ] 2024-02-28 16:20:54.182 [TestNG-test=Test-1] SignUpStepDefs - the user enters their password 
[INFO ] 2024-02-28 16:20:54.275 [TestNG-test=Test-1] SignUpStepDefs - the user click on create botton 
[INFO ] 2024-02-28 16:21:06.902 [TestNG-test=Test-1] SignUpStepDefs - the user should be registered successfully 
[INFO ] 2024-02-28 16:21:16.740 [TestNG-test=Test-1] SignUpStepDefs - User navigates to the signuppage
[INFO ] 2024-02-28 16:21:21.323 [TestNG-test=Test-1] SignUpStepDefs - the user enters their first name 
[INFO ] 2024-02-28 16:21:21.488 [TestNG-test=Test-1] SignUpStepDefs - the user enters their last name 
[INFO ] 2024-02-28 16:21:21.996 [TestNG-test=Test-1] SignUpStepDefs - the user enters their email 
[INFO ] 2024-02-28 16:21:22.360 [TestNG-test=Test-1] SignUpStepDefs - the user enters their password 
[INFO ] 2024-02-28 16:21:22.475 [TestNG-test=Test-1] SignUpStepDefs - the user click on create botton 
[INFO ] 2024-02-28 16:21:34.842 [TestNG-test=Test-1] SignUpStepDefs - the user should be registered successfully 
[INFO ] 2024-02-28 16:21:48.479 [TestNG-test=Test-1] SignUpStepDefs - User navigates to the signuppage
[INFO ] 2024-02-28 16:22:06.340 [TestNG-test=Test-1] SignUpStepDefs - the user enters their first name 
[INFO ] 2024-02-28 16:23:50.922 [TestNG-test=Test-1] SignUpStepDefs - User navigates to the signuppage
[INFO ] 2024-02-28 16:24:11.357 [TestNG-test=Test-1] SignUpStepDefs - User navigates to the signuppage
[INFO ] 2024-02-28 16:24:22.914 [TestNG-test=Test-1] SignUpStepDefs - User navigates to the signuppage
[INFO ] 2024-02-28 16:24:58.420 [TestNG-test=Test-1] SignUpStepDefs - User navigates to the signuppage
[INFO ] 2024-02-28 16:25:12.469 [TestNG-test=Test-1] SignUpStepDefs - User navigates to the signuppage
[INFO ] 2024-02-28 16:25:17.876 [TestNG-test=Test-1] SignUpStepDefs - the user enters their first name 
[INFO ] 2024-02-28 16:25:17.978 [TestNG-test=Test-1] SignUpStepDefs - the user enters their last name 
[INFO ] 2024-02-28 16:25:18.052 [TestNG-test=Test-1] SignUpStepDefs - the user enters their email 
[INFO ] 2024-02-28 16:25:18.116 [TestNG-test=Test-1] SignUpStepDefs - the user enters their password 
[INFO ] 2024-02-28 16:25:18.191 [TestNG-test=Test-1] SignUpStepDefs - the user click on create botton 
[INFO ] 2024-02-28 16:25:31.424 [TestNG-test=Test-1] SignUpStepDefs - the user should be registered successfully 
[INFO ] 2024-02-28 16:25:53.174 [TestNG-test=Test-1] SignUpStepDefs - User navigates to the signuppage
[INFO ] 2024-02-28 16:26:00.651 [TestNG-test=Test-1] SignUpStepDefs - the user enters their first name 
[INFO ] 2024-02-28 16:26:00.759 [TestNG-test=Test-1] SignUpStepDefs - the user enters their last name 
[INFO ] 2024-02-28 16:26:00.834 [TestNG-test=Test-1] SignUpStepDefs - the user enters their email 
[INFO ] 2024-02-28 16:26:01.043 [TestNG-test=Test-1] SignUpStepDefs - the user enters their password 
[INFO ] 2024-02-28 16:26:01.366 [TestNG-test=Test-1] SignUpStepDefs - the user click on create botton 
[INFO ] 2024-02-28 16:26:11.958 [TestNG-test=Test-1] SignUpStepDefs - the user should be registered successfully 
[INFO ] 2024-02-28 16:26:40.391 [TestNG-test=Test-1] SignUpStepDefs - User navigates to the signuppage
[INFO ] 2024-02-28 16:26:46.810 [TestNG-test=Test-1] SignUpStepDefs - the user enters their first name 
[INFO ] 2024-02-28 16:26:46.901 [TestNG-test=Test-1] SignUpStepDefs - the user enters their last name 
[INFO ] 2024-02-28 16:26:47.030 [TestNG-test=Test-1] SignUpStepDefs - the user enters their email 
[INFO ] 2024-02-28 16:26:47.179 [TestNG-test=Test-1] SignUpStepDefs - the user enters their password 
[INFO ] 2024-02-28 16:26:47.258 [TestNG-test=Test-1] SignUpStepDefs - the user click on create botton 
[INFO ] 2024-02-28 16:26:57.426 [TestNG-test=Test-1] SignUpStepDefs - the user should be registered successfully 
[INFO ] 2024-02-28 16:27:24.761 [TestNG-test=Test-1] SignUpStepDefs - User navigates to the signuppage
[INFO ] 2024-02-28 16:27:30.241 [TestNG-test=Test-1] SignUpStepDefs - the user enters their first name 
[INFO ] 2024-02-28 16:27:30.388 [TestNG-test=Test-1] SignUpStepDefs - the user enters their last name 
[INFO ] 2024-02-28 16:27:30.457 [TestNG-test=Test-1] SignUpStepDefs - the user enters their email 
[INFO ] 2024-02-28 16:27:30.573 [TestNG-test=Test-1] SignUpStepDefs - the user enters their password 
[INFO ] 2024-02-28 16:27:30.669 [TestNG-test=Test-1] SignUpStepDefs - the user click on create botton 
[INFO ] 2024-02-28 16:27:43.922 [TestNG-test=Test-1] SignUpStepDefs - the user should be registered successfully 
[INFO ] 2024-02-28 16:27:53.842 [TestNG-test=Test-1] SignUpStepDefs - User navigates to the signuppage
[INFO ] 2024-02-28 16:28:02.507 [TestNG-test=Test-1] SignUpStepDefs - the user enters their first name 
[INFO ] 2024-02-28 16:28:02.611 [TestNG-test=Test-1] SignUpStepDefs - the user enters their last name 
[INFO ] 2024-02-28 16:28:02.717 [TestNG-test=Test-1] SignUpStepDefs - the user enters their email 
[INFO ] 2024-02-28 16:28:02.882 [TestNG-test=Test-1] SignUpStepDefs - the user enters their password 
[INFO ] 2024-02-28 16:28:03.137 [TestNG-test=Test-1] SignUpStepDefs - the user click on create botton 
[INFO ] 2024-02-28 16:28:13.295 [TestNG-test=Test-1] SignUpStepDefs - the user should be registered successfully 
[INFO ] 2024-02-28 16:28:23.152 [TestNG-test=Test-1] SignUpStepDefs - User navigates to the signuppage
[INFO ] 2024-02-28 16:28:28.566 [TestNG-test=Test-1] SignUpStepDefs - the user enters their first name 
[INFO ] 2024-02-28 16:28:28.807 [TestNG-test=Test-1] SignUpStepDefs - the user enters their last name 
[INFO ] 2024-02-28 16:28:28.983 [TestNG-test=Test-1] SignUpStepDefs - the user enters their email 
[INFO ] 2024-02-28 16:28:29.279 [TestNG-test=Test-1] SignUpStepDefs - the user enters their password 
[INFO ] 2024-02-28 16:28:29.427 [TestNG-test=Test-1] SignUpStepDefs - the user click on create botton 
[INFO ] 2024-02-28 16:28:39.947 [TestNG-test=Test-1] SignUpStepDefs - the user should be registered successfully 
[INFO ] 2024-02-28 16:29:08.590 [TestNG-test=Test-1] SignUpStepDefs - User navigates to the signuppage
[INFO ] 2024-02-28 16:29:15.152 [TestNG-test=Test-1] SignUpStepDefs - the user enters their first name 
[INFO ] 2024-02-28 16:29:15.386 [TestNG-test=Test-1] SignUpStepDefs - the user enters their last name 
[INFO ] 2024-02-28 16:29:15.475 [TestNG-test=Test-1] SignUpStepDefs - the user enters their email 
[INFO ] 2024-02-28 16:29:15.637 [TestNG-test=Test-1] SignUpStepDefs - the user enters their password 
[INFO ] 2024-02-28 16:29:15.741 [TestNG-test=Test-1] SignUpStepDefs - the user click on create botton 
[INFO ] 2024-02-28 16:29:29.188 [TestNG-test=Test-1] SignUpStepDefs - the user should be registered successfully 
[INFO ] 2024-02-28 16:29:40.011 [TestNG-test=Test-1] SignUpStepDefs - User navigates to the signuppage
[INFO ] 2024-02-28 16:29:45.071 [TestNG-test=Test-1] SignUpStepDefs - the user enters their first name 
[INFO ] 2024-02-28 16:29:45.299 [TestNG-test=Test-1] SignUpStepDefs - the user enters their last name 
[INFO ] 2024-02-28 16:29:45.434 [TestNG-test=Test-1] SignUpStepDefs - the user enters their email 
[INFO ] 2024-02-28 16:29:46.027 [TestNG-test=Test-1] SignUpStepDefs - the user enters their password 
[INFO ] 2024-02-28 16:29:46.383 [TestNG-test=Test-1] SignUpStepDefs - the user click on create botton 
[INFO ] 2024-02-28 16:29:56.561 [TestNG-test=Test-1] SignUpStepDefs - the user should be registered successfully 
[INFO ] 2024-02-28 16:30:06.030 [TestNG-test=Test-1] LoginStepDefs - User navigates to the loginpage
[INFO ] 2024-02-28 16:30:07.882 [TestNG-test=Test-1] LoginStepDefs - user enters username and password
[INFO ] 2024-02-28 16:30:23.165 [TestNG-test=Test-1] LoginStepDefs - User navigates to the loginpage
[INFO ] 2024-02-28 16:30:25.923 [TestNG-test=Test-1] LoginStepDefs - user enters username and password
[INFO ] 2024-02-28 16:30:34.479 [TestNG-test=Test-1] LoginStepDefs - User navigates to the loginpage
[INFO ] 2024-02-28 16:30:36.514 [TestNG-test=Test-1] LoginStepDefs - user enters username and password
[INFO ] 2024-02-28 16:30:42.689 [TestNG-test=Test-1] LoginStepDefs - User navigates to the loginpage
[INFO ] 2024-02-28 16:30:48.663 [TestNG-test=Test-1] LoginStepDefs - user enters username and password
[INFO ] 2024-02-28 16:30:57.135 [TestNG-test=Test-1] LoginStepDefs - User navigates to the loginpage
[INFO ] 2024-02-28 16:30:59.790 [TestNG-test=Test-1] LoginStepDefs - user enters username and password
[INFO ] 2024-02-28 16:31:32.662 [TestNG-test=Test-1] LoginStepDefs - User navigates to the loginpage
[INFO ] 2024-02-28 16:31:34.585 [TestNG-test=Test-1] LoginStepDefs - user enters username and password
[INFO ] 2024-02-28 16:31:46.483 [TestNG-test=Test-1] LoginStepDefs - User navigates to the loginpage
[INFO ] 2024-02-28 16:31:48.507 [TestNG-test=Test-1] LoginStepDefs - user enters username and password
[INFO ] 2024-02-28 16:32:02.466 [TestNG-test=Test-1] LoginStepDefs - User navigates to the loginpage
[INFO ] 2024-02-28 16:32:04.306 [TestNG-test=Test-1] LoginStepDefs - user enters username and password
[INFO ] 2024-02-28 16:32:18.198 [TestNG-test=Test-1] LoginStepDefs - User navigates to the loginpage
[INFO ] 2024-02-28 16:32:21.232 [TestNG-test=Test-1] LoginStepDefs - user enters username and password
[INFO ] 2024-02-28 16:32:55.242 [TestNG-test=Test-1] LoginStepDefs - User navigates to the loginpage
[INFO ] 2024-02-28 16:32:57.156 [TestNG-test=Test-1] LoginStepDefs - user enters username and password
[INFO ] 2024-02-28 16:33:31.182 [TestNG-test=Test-1] LoginStepDefs - User navigates to the loginpage
[INFO ] 2024-02-28 16:33:33.136 [TestNG-test=Test-1] LoginStepDefs - user enters username and password
[INFO ] 2024-02-28 16:33:44.960 [TestNG-test=Test-1] LoginStepDefs - User navigates to the loginpage
[INFO ] 2024-02-28 16:33:46.825 [TestNG-test=Test-1] LoginStepDefs - user enters username and password
[INFO ] 2024-02-28 16:34:39.688 [TestNG-test=Test-1] LoginStepDefs - User navigates to the loginpage
[INFO ] 2024-02-28 16:34:44.330 [TestNG-test=Test-1] LoginStepDefs - user enters username and password
[INFO ] 2024-02-28 16:34:56.049 [TestNG-test=Test-1] LoginStepDefs - User navigates to the loginpage
[INFO ] 2024-02-28 16:34:57.883 [TestNG-test=Test-1] LoginStepDefs - user enters username and password
[INFO ] 2024-02-28 16:35:12.390 [TestNG-test=Test-1] LoginStepDefs - User navigates to the loginpage
[INFO ] 2024-02-28 16:35:14.679 [TestNG-test=Test-1] LoginStepDefs - user enters username and password
[INFO ] 2024-02-28 16:35:33.650 [TestNG-test=Test-1] LoginStepDefs - User navigates to the loginpage
[INFO ] 2024-02-28 16:35:35.407 [TestNG-test=Test-1] LoginStepDefs - user enters username and password
[INFO ] 2024-02-28 16:36:03.986 [TestNG-test=Test-1] LoginStepDefs - User navigates to the loginpage
[INFO ] 2024-02-28 16:36:07.406 [TestNG-test=Test-1] LoginStepDefs - user enters username and password
[INFO ] 2024-02-28 16:36:39.179 [TestNG-test=Test-1] LoginStepDefs - User navigates to the loginpage
[INFO ] 2024-02-28 16:37:04.250 [TestNG-test=Test-1] LoginStepDefs - user enters username and password
[INFO ] 2024-02-28 16:37:35.549 [TestNG-test=Test-1] LoginStepDefs - User navigates to the loginpage
[INFO ] 2024-02-28 16:37:39.281 [TestNG-test=Test-1] LoginStepDefs - user enters username and password
[INFO ] 2024-02-28 16:37:48.861 [TestNG-test=Test-1] LoginStepDefs - User navigates to the loginpage
[INFO ] 2024-02-28 16:38:33.375 [TestNG-test=Test-1] LoginStepDefs - user enters username and password
[INFO ] 2024-02-28 16:39:03.549 [TestNG-test=Test-1] LoginStepDefs - User navigates to the loginpage
[INFO ] 2024-02-28 16:39:06.521 [TestNG-test=Test-1] LoginStepDefs - user enters username and password
[INFO ] 2024-02-28 16:39:35.783 [TestNG-test=Test-1] LoginStepDefs - User navigates to the loginpage
[INFO ] 2024-02-28 16:39:39.364 [TestNG-test=Test-1] LoginStepDefs - user enters username and password
[INFO ] 2024-02-28 16:39:44.910 [TestNG-test=Test-1] LoginStepDefs - User navigates to the loginpage
[INFO ] 2024-02-28 16:39:53.187 [TestNG-test=Test-1] LoginStepDefs - user enters username and password
[INFO ] 2024-02-28 16:40:00.950 [TestNG-test=Test-1] LoginStepDefs - User navigates to the loginpage
[INFO ] 2024-02-28 16:40:31.826 [TestNG-test=Test-1] LoginStepDefs - user enters username and password
[INFO ] 2024-02-28 16:41:04.430 [TestNG-test=Test-1] LoginStepDefs - User navigates to the loginpage
[INFO ] 2024-02-28 16:41:07.875 [TestNG-test=Test-1] LoginStepDefs - user enters username and password
[INFO ] 2024-02-28 16:41:14.881 [TestNG-test=Test-1] LoginStepDefs - User navigates to the loginpage
[INFO ] 2024-02-28 16:41:40.014 [TestNG-test=Test-1] LoginStepDefs - user enters username and password
[INFO ] 2024-02-28 16:41:51.135 [TestNG-test=Test-1] LoginStepDefs - User navigates to the loginpage
[INFO ] 2024-02-28 16:41:53.139 [TestNG-test=Test-1] LoginStepDefs - user enters username and password
[INFO ] 2024-02-28 16:42:42.635 [TestNG-test=Test-1] LoginStepDefs - User navigates to the loginpage
[INFO ] 2024-02-28 16:42:45.524 [TestNG-test=Test-1] LoginStepDefs - user enters username and password
[INFO ] 2024-02-28 16:43:15.807 [TestNG-test=Test-1] Searchsteps - Chilternoak Furniture Homepage
[INFO ] 2024-02-28 16:43:15.824 [TestNG-test=Test-1] Searchsteps - entering valid product name
[INFO ] 2024-02-28 16:43:16.151 [TestNG-test=Test-1] Searchsteps - clicking on search button
[INFO ] 2024-02-28 16:43:27.264 [TestNG-test=Test-1] Searchsteps - Chilternoak Furniture Homepage
[INFO ] 2024-02-28 16:43:27.266 [TestNG-test=Test-1] Searchsteps - entering valid product name
[INFO ] 2024-02-28 16:43:27.737 [TestNG-test=Test-1] Searchsteps - clicking on search button
[INFO ] 2024-02-28 16:43:32.722 [TestNG-test=Test-1] Searchsteps - Chilternoak Furniture Homepage
[INFO ] 2024-02-28 16:43:32.738 [TestNG-test=Test-1] Searchsteps - entering valid product name
[INFO ] 2024-02-28 16:43:58.889 [TestNG-test=Test-1] Searchsteps - clicking on search button
[INFO ] 2024-02-28 16:44:31.398 [TestNG-test=Test-1] Searchsteps - Chilternoak Furniture Homepage
[INFO ] 2024-02-28 16:44:31.405 [TestNG-test=Test-1] Searchsteps - entering valid product name
[INFO ] 2024-02-28 16:44:31.968 [TestNG-test=Test-1] Searchsteps - clicking on search button
[INFO ] 2024-02-28 16:45:02.839 [TestNG-test=Test-1] Searchsteps - Chilternoak Furniture Homepage
[INFO ] 2024-02-28 16:45:02.864 [TestNG-test=Test-1] Searchsteps - entering valid product name
[INFO ] 2024-02-28 16:45:03.418 [TestNG-test=Test-1] Searchsteps - clicking on search button
[INFO ] 2024-02-28 16:45:42.060 [TestNG-test=Test-1] cart - user searches for sofa
[INFO ] 2024-02-28 16:45:48.421 [TestNG-test=Test-1] cart - Then adds item to cart
[INFO ] 2024-02-28 16:45:52.981 [TestNG-test=Test-1] cart - Then removes item from cart
[INFO ] 2024-02-28 16:46:47.114 [TestNG-test=Test-1] cart - user searches for table
[INFO ] 2024-02-28 16:46:53.694 [TestNG-test=Test-1] cart - Then adds item to cart
[INFO ] 2024-02-28 16:47:02.075 [TestNG-test=Test-1] cart - user searches for sofa
[INFO ] 2024-02-28 16:47:06.856 [TestNG-test=Test-1] cart - Then adds item to cart
[INFO ] 2024-02-28 16:47:19.580 [TestNG-test=Test-1] cart - Then adds item to cart
[INFO ] 2024-02-28 16:47:47.380 [TestNG-test=Test-1] cart - user searches for table
[INFO ] 2024-02-28 16:47:51.519 [TestNG-test=Test-1] cart - Then adds item to cart
[INFO ] 2024-02-28 16:47:55.723 [TestNG-test=Test-1] cart - The quantity is increased
[INFO ] 2024-02-28 16:48:28.987 [TestNG-test=Test-1] FilterStepdefinition - User navigate to product catlog page
[INFO ] 2024-02-28 16:48:28.991 [TestNG-test=Test-1] FilterStepdefinition - Item searched
[INFO ] 2024-02-28 16:48:33.594 [TestNG-test=Test-1] FilterStepdefinition - Filter operation performed successfully.
[INFO ] 2024-02-28 16:49:02.331 [TestNG-test=Test-1] FilterStepdefinition - User navigate to product catlog page
[INFO ] 2024-02-28 16:49:02.338 [TestNG-test=Test-1] FilterStepdefinition - Item searched
[INFO ] 2024-02-28 16:49:08.532 [TestNG-test=Test-1] FilterStepdefinition - User choose the color of product
[INFO ] 2024-02-28 16:49:11.703 [TestNG-test=Test-1] FilterStepdefinition - Filter operation performed successfully.
[INFO ] 2024-02-28 16:49:20.082 [TestNG-test=Test-1] FilterStepdefinition - User navigate to product catlog page
[INFO ] 2024-02-28 16:49:20.083 [TestNG-test=Test-1] FilterStepdefinition - Item searched
[INFO ] 2024-02-28 16:49:25.883 [TestNG-test=Test-1] FilterStepdefinition - Drag item price element
[INFO ] 2024-02-28 16:49:29.676 [TestNG-test=Test-1] FilterStepdefinition - User choose the color of product
[INFO ] 2024-02-28 16:49:32.843 [TestNG-test=Test-1] FilterStepdefinition - Filter operation performed successfully.
[INFO ] 2024-02-28 16:49:36.995 [TestNG-test=Test-1] FilterStepdefinition - User navigate to product catlog page
[INFO ] 2024-02-28 16:49:36.998 [TestNG-test=Test-1] FilterStepdefinition - Item searched
[INFO ] 2024-02-28 16:50:25.346 [TestNG-test=Test-1] FilterStepdefinition - Drag item price element
[INFO ] 2024-02-28 16:50:29.006 [TestNG-test=Test-1] FilterStepdefinition - User choose the color of product
[INFO ] 2024-02-28 16:50:32.110 [TestNG-test=Test-1] FilterStepdefinition - Filter operation performed successfully.
[INFO ] 2024-02-28 16:50:58.849 [TestNG-test=Test-1] ContactUsSteps - Chilternoak Furniture Homepage
[INFO ] 2024-02-28 16:50:58.856 [TestNG-test=Test-1] ContactUsSteps - Clicking on ContactUs link
[INFO ] 2024-02-28 16:51:03.547 [TestNG-test=Test-1] ContactUsSteps - Capturing the title of the page
[INFO ] 2024-02-28 16:51:03.574 [TestNG-test=Test-1] ContactUsSteps - Entering the name
[INFO ] 2024-02-28 16:51:05.750 [TestNG-test=Test-1] ContactUsSteps - Entering the mail
[INFO ] 2024-02-28 16:51:07.865 [TestNG-test=Test-1] ContactUsSteps - Entering the Phone
[INFO ] 2024-02-28 16:51:09.980 [TestNG-test=Test-1] ContactUsSteps - Entering the message
[INFO ] 2024-02-28 16:51:12.305 [TestNG-test=Test-1] ContactUsSteps - Click on the send button
[INFO ] 2024-02-28 16:51:24.004 [TestNG-test=Test-1] ContactUsSteps - Validate Url
[INFO ] 2024-02-28 16:51:51.815 [TestNG-test=Test-1] ContactUsSteps - Chilternoak Furniture Homepage
[INFO ] 2024-02-28 16:51:51.815 [TestNG-test=Test-1] ContactUsSteps - Clicking on ContactUs link
[INFO ] 2024-02-28 16:51:55.193 [TestNG-test=Test-1] ContactUsSteps - Capturing the title of the page
[INFO ] 2024-02-28 16:51:55.195 [TestNG-test=Test-1] ContactUsSteps - Entering the name
[INFO ] 2024-02-28 16:51:57.422 [TestNG-test=Test-1] ContactUsSteps - Entering the mail
[INFO ] 2024-02-28 16:51:59.512 [TestNG-test=Test-1] ContactUsSteps - Entering the Phone
[INFO ] 2024-02-28 16:52:01.810 [TestNG-test=Test-1] ContactUsSteps - Entering the message
[INFO ] 2024-02-28 16:52:04.121 [TestNG-test=Test-1] ContactUsSteps - Click on the send button
[INFO ] 2024-02-28 16:52:15.843 [TestNG-test=Test-1] ContactUsSteps - Validate Url
[INFO ] 2024-02-28 16:52:42.607 [TestNG-test=Test-1] ContactUsSteps - Chilternoak Furniture Homepage
[INFO ] 2024-02-28 16:52:42.613 [TestNG-test=Test-1] ContactUsSteps - Clicking on ContactUs link
[INFO ] 2024-02-28 16:52:46.388 [TestNG-test=Test-1] ContactUsSteps - Capturing the title of the page
[INFO ] 2024-02-28 16:52:46.409 [TestNG-test=Test-1] ContactUsSteps - Entering the name
[INFO ] 2024-02-28 16:52:48.551 [TestNG-test=Test-1] ContactUsSteps - Entering the mail
[INFO ] 2024-02-28 16:52:50.642 [TestNG-test=Test-1] ContactUsSteps - Entering the Phone
[INFO ] 2024-02-28 16:52:52.710 [TestNG-test=Test-1] ContactUsSteps - Entering the message
[INFO ] 2024-02-28 16:52:54.764 [TestNG-test=Test-1] ContactUsSteps - Click on the send button
[INFO ] 2024-02-28 16:53:06.667 [TestNG-test=Test-1] ContactUsSteps - Validate Url
[INFO ] 2024-02-28 16:53:18.214 [TestNG-test=Test-1] ContactUsSteps - Chilternoak Furniture Homepage
[INFO ] 2024-02-28 16:53:18.218 [TestNG-test=Test-1] ContactUsSteps - Clicking on ContactUs link
[INFO ] 2024-02-28 16:53:24.529 [TestNG-test=Test-1] ContactUsSteps - Capturing the title of the page
[INFO ] 2024-02-28 16:53:24.537 [TestNG-test=Test-1] ContactUsSteps - Entering the name
[INFO ] 2024-02-28 16:53:26.658 [TestNG-test=Test-1] ContactUsSteps - Entering the mail
[INFO ] 2024-02-28 16:53:28.791 [TestNG-test=Test-1] ContactUsSteps - Entering the Phone
[INFO ] 2024-02-28 16:53:30.916 [TestNG-test=Test-1] ContactUsSteps - Entering the message
[INFO ] 2024-02-28 16:53:33.100 [TestNG-test=Test-1] ContactUsSteps - Click on the send button
[INFO ] 2024-02-28 16:53:44.926 [TestNG-test=Test-1] ContactUsSteps - Validate Url
[INFO ] 2024-02-28 16:53:53.958 [TestNG-test=Test-1] ContactUsSteps - Chilternoak Furniture Homepage
[INFO ] 2024-02-28 16:53:53.960 [TestNG-test=Test-1] ContactUsSteps - Clicking on ContactUs link
[INFO ] 2024-02-28 16:53:58.466 [TestNG-test=Test-1] ContactUsSteps - Capturing the title of the page
[INFO ] 2024-02-28 16:53:58.473 [TestNG-test=Test-1] ContactUsSteps - Entering the name
[INFO ] 2024-02-28 16:54:00.688 [TestNG-test=Test-1] ContactUsSteps - Entering the mail
[INFO ] 2024-02-28 16:54:02.821 [TestNG-test=Test-1] ContactUsSteps - Entering the Phone
[INFO ] 2024-02-28 16:54:04.913 [TestNG-test=Test-1] ContactUsSteps - Entering the message
[INFO ] 2024-02-28 16:54:07.439 [TestNG-test=Test-1] ContactUsSteps - Click on the send button
[INFO ] 2024-02-28 16:54:19.333 [TestNG-test=Test-1] ContactUsSteps - Validate Url
[INFO ] 2024-02-28 16:54:27.843 [TestNG-test=Test-1] SubscribeSteps - user in homepage
[INFO ] 2024-02-28 16:54:27.844 [TestNG-test=Test-1] SubscribeSteps - user click Subscribe email text box
[INFO ] 2024-02-28 16:54:28.260 [TestNG-test=Test-1] SubscribeSteps - user fills the email
[INFO ] 2024-02-28 16:54:30.878 [TestNG-test=Test-1] SubscribeSteps - user clicks on subscribe button
[INFO ] 2024-02-28 16:54:33.175 [TestNG-test=Test-1] SubscribeSteps - it shows sucess message {string}
[INFO ] 2024-02-28 16:54:40.060 [TestNG-test=Test-1] SubscribeSteps - user in homepage
[INFO ] 2024-02-28 16:54:40.062 [TestNG-test=Test-1] SubscribeSteps - user click Subscribe email text box
[INFO ] 2024-02-28 16:54:40.509 [TestNG-test=Test-1] SubscribeSteps - user fills the email
[INFO ] 2024-02-28 16:54:43.044 [TestNG-test=Test-1] SubscribeSteps - user clicks on subscribe button
[INFO ] 2024-02-28 16:54:45.439 [TestNG-test=Test-1] SubscribeSteps - it shows sucess message {string}
[INFO ] 2024-02-28 16:54:53.463 [TestNG-test=Test-1] SubscribeSteps - user in homepage
[INFO ] 2024-02-28 16:54:53.485 [TestNG-test=Test-1] SubscribeSteps - user click Subscribe email text box
[INFO ] 2024-02-28 16:54:54.290 [TestNG-test=Test-1] SubscribeSteps - user fills the email
[INFO ] 2024-02-28 16:54:56.463 [TestNG-test=Test-1] SubscribeSteps - user clicks on subscribe button
[INFO ] 2024-02-28 16:54:58.623 [TestNG-test=Test-1] SubscribeSteps - it shows sucess message {string}
[INFO ] 2024-02-28 16:55:23.983 [TestNG-test=Test-1] SubscribeSteps - user in homepage
[INFO ] 2024-02-28 16:55:23.992 [TestNG-test=Test-1] SubscribeSteps - user click Subscribe email text box
[INFO ] 2024-02-28 16:55:24.522 [TestNG-test=Test-1] SubscribeSteps - user fills the email
[INFO ] 2024-02-28 16:55:26.776 [TestNG-test=Test-1] SubscribeSteps - user clicks on subscribe button
[INFO ] 2024-02-28 16:55:28.946 [TestNG-test=Test-1] SubscribeSteps - it shows sucess message {string}
[INFO ] 2024-02-28 17:02:22.991 [TestNG-test=Test-1] SignUpStepDefs - User navigates to the signuppage
[INFO ] 2024-02-28 17:02:48.220 [TestNG-test=Test-1] SignUpStepDefs - the user enters their first name 
[INFO ] 2024-02-28 17:02:48.359 [TestNG-test=Test-1] SignUpStepDefs - the user enters their last name 
[INFO ] 2024-02-28 17:02:48.465 [TestNG-test=Test-1] SignUpStepDefs - the user enters their email 
[INFO ] 2024-02-28 17:02:48.948 [TestNG-test=Test-1] SignUpStepDefs - the user enters their password 
[INFO ] 2024-02-28 17:02:49.091 [TestNG-test=Test-1] SignUpStepDefs - the user click on create botton 
[INFO ] 2024-02-28 17:02:59.256 [TestNG-test=Test-1] SignUpStepDefs - the user should be registered successfully 
[INFO ] 2024-02-28 17:03:08.961 [TestNG-test=Test-1] SignUpStepDefs - User navigates to the signuppage
[INFO ] 2024-02-28 17:03:23.740 [TestNG-test=Test-1] SignUpStepDefs - the user enters their first name 
[INFO ] 2024-02-28 17:03:23.856 [TestNG-test=Test-1] SignUpStepDefs - the user enters their last name 
[INFO ] 2024-02-28 17:03:24.030 [TestNG-test=Test-1] SignUpStepDefs - the user enters their email 
[INFO ] 2024-02-28 17:03:24.454 [TestNG-test=Test-1] SignUpStepDefs - the user enters their password 
[INFO ] 2024-02-28 17:03:24.574 [TestNG-test=Test-1] SignUpStepDefs - the user click on create botton 
[INFO ] 2024-02-28 17:03:34.747 [TestNG-test=Test-1] SignUpStepDefs - the user should be registered successfully 
[INFO ] 2024-02-28 17:03:41.349 [TestNG-test=Test-1] SignUpStepDefs - User navigates to the signuppage
[INFO ] 2024-02-28 17:03:52.276 [TestNG-test=Test-1] SignUpStepDefs - the user enters their first name 
[INFO ] 2024-02-28 17:03:52.380 [TestNG-test=Test-1] SignUpStepDefs - the user enters their last name 
[INFO ] 2024-02-28 17:03:52.478 [TestNG-test=Test-1] SignUpStepDefs - the user enters their email 
[INFO ] 2024-02-28 17:03:52.617 [TestNG-test=Test-1] SignUpStepDefs - the user enters their password 
[INFO ] 2024-02-28 17:03:52.709 [TestNG-test=Test-1] SignUpStepDefs - the user click on create botton 
[INFO ] 2024-02-28 17:04:02.954 [TestNG-test=Test-1] SignUpStepDefs - the user should be registered successfully 
[INFO ] 2024-02-28 17:04:31.493 [TestNG-test=Test-1] SignUpStepDefs - User navigates to the signuppage
[INFO ] 2024-02-28 17:04:38.076 [TestNG-test=Test-1] SignUpStepDefs - the user enters their first name 
[INFO ] 2024-02-28 17:04:38.194 [TestNG-test=Test-1] SignUpStepDefs - the user enters their last name 
[INFO ] 2024-02-28 17:04:38.325 [TestNG-test=Test-1] SignUpStepDefs - the user enters their email 
[INFO ] 2024-02-28 17:04:38.494 [TestNG-test=Test-1] SignUpStepDefs - the user enters their password 
[INFO ] 2024-02-28 17:04:38.616 [TestNG-test=Test-1] SignUpStepDefs - the user click on create botton 
[INFO ] 2024-02-28 17:04:51.421 [TestNG-test=Test-1] SignUpStepDefs - the user should be registered successfully 
[INFO ] 2024-02-28 17:05:03.167 [TestNG-test=Test-1] SignUpStepDefs - User navigates to the signuppage
[INFO ] 2024-02-28 17:05:09.216 [TestNG-test=Test-1] SignUpStepDefs - the user enters their first name 
[INFO ] 2024-02-28 17:05:09.322 [TestNG-test=Test-1] SignUpStepDefs - the user enters their last name 
[INFO ] 2024-02-28 17:05:09.397 [TestNG-test=Test-1] SignUpStepDefs - the user enters their email 
[INFO ] 2024-02-28 17:05:09.526 [TestNG-test=Test-1] SignUpStepDefs - the user enters their password 
[INFO ] 2024-02-28 17:05:09.653 [TestNG-test=Test-1] SignUpStepDefs - the user click on create botton 
[INFO ] 2024-02-28 17:05:21.471 [TestNG-test=Test-1] SignUpStepDefs - the user should be registered successfully 
[INFO ] 2024-02-28 17:05:52.422 [TestNG-test=Test-1] SignUpStepDefs - User navigates to the signuppage
[INFO ] 2024-02-28 17:05:59.353 [TestNG-test=Test-1] SignUpStepDefs - the user enters their first name 
[INFO ] 2024-02-28 17:05:59.538 [TestNG-test=Test-1] SignUpStepDefs - the user enters their last name 
[INFO ] 2024-02-28 17:05:59.881 [TestNG-test=Test-1] SignUpStepDefs - the user enters their email 
[INFO ] 2024-02-28 17:05:59.986 [TestNG-test=Test-1] SignUpStepDefs - the user enters their password 
[INFO ] 2024-02-28 17:06:00.610 [TestNG-test=Test-1] SignUpStepDefs - the user click on create botton 
[INFO ] 2024-02-28 17:06:10.949 [TestNG-test=Test-1] SignUpStepDefs - the user should be registered successfully 
[INFO ] 2024-02-28 17:06:42.907 [TestNG-test=Test-1] SignUpStepDefs - User navigates to the signuppage
[INFO ] 2024-02-28 17:06:47.914 [TestNG-test=Test-1] SignUpStepDefs - the user enters their first name 
[INFO ] 2024-02-28 17:06:48.084 [TestNG-test=Test-1] SignUpStepDefs - the user enters their last name 
[INFO ] 2024-02-28 17:06:48.610 [TestNG-test=Test-1] SignUpStepDefs - the user enters their email 
[INFO ] 2024-02-28 17:06:49.036 [TestNG-test=Test-1] SignUpStepDefs - the user enters their password 
[INFO ] 2024-02-28 17:06:49.132 [TestNG-test=Test-1] SignUpStepDefs - the user click on create botton 
[INFO ] 2024-02-28 17:06:59.453 [TestNG-test=Test-1] SignUpStepDefs - the user should be registered successfully 
[INFO ] 2024-02-28 17:07:13.332 [TestNG-test=Test-1] SignUpStepDefs - User navigates to the signuppage
[INFO ] 2024-02-28 17:07:17.818 [TestNG-test=Test-1] SignUpStepDefs - the user enters their first name 
[INFO ] 2024-02-28 17:07:18.073 [TestNG-test=Test-1] SignUpStepDefs - the user enters their last name 
[INFO ] 2024-02-28 17:07:18.162 [TestNG-test=Test-1] SignUpStepDefs - the user enters their email 
[INFO ] 2024-02-28 17:07:18.346 [TestNG-test=Test-1] SignUpStepDefs - the user enters their password 
[INFO ] 2024-02-28 17:07:18.992 [TestNG-test=Test-1] SignUpStepDefs - the user click on create botton 
[INFO ] 2024-02-28 17:07:32.040 [TestNG-test=Test-1] SignUpStepDefs - the user should be registered successfully 
[INFO ] 2024-02-28 17:07:42.197 [TestNG-test=Test-1] SignUpStepDefs - User navigates to the signuppage
[INFO ] 2024-02-28 17:07:47.235 [TestNG-test=Test-1] SignUpStepDefs - the user enters their first name 
[INFO ] 2024-02-28 17:07:47.456 [TestNG-test=Test-1] SignUpStepDefs - the user enters their last name 
[INFO ] 2024-02-28 17:07:47.533 [TestNG-test=Test-1] SignUpStepDefs - the user enters their email 
[INFO ] 2024-02-28 17:07:47.686 [TestNG-test=Test-1] SignUpStepDefs - the user enters their password 
[INFO ] 2024-02-28 17:07:47.817 [TestNG-test=Test-1] SignUpStepDefs - the user click on create botton 
[INFO ] 2024-02-28 17:08:00.727 [TestNG-test=Test-1] SignUpStepDefs - the user should be registered successfully 
[INFO ] 2024-02-28 17:08:12.341 [TestNG-test=Test-1] SignUpStepDefs - User navigates to the signuppage
[INFO ] 2024-02-28 17:08:16.433 [TestNG-test=Test-1] SignUpStepDefs - the user enters their first name 
[INFO ] 2024-02-28 17:08:16.622 [TestNG-test=Test-1] SignUpStepDefs - the user enters their last name 
[INFO ] 2024-02-28 17:08:16.730 [TestNG-test=Test-1] SignUpStepDefs - the user enters their email 
[INFO ] 2024-02-28 17:08:17.478 [TestNG-test=Test-1] SignUpStepDefs - the user enters their password 
[INFO ] 2024-02-28 17:08:17.623 [TestNG-test=Test-1] SignUpStepDefs - the user click on create botton 
[INFO ] 2024-02-28 17:08:30.153 [TestNG-test=Test-1] SignUpStepDefs - the user should be registered successfully 
[INFO ] 2024-02-28 17:08:44.310 [TestNG-test=Test-1] SignUpStepDefs - User navigates to the signuppage
[INFO ] 2024-02-28 17:09:08.195 [TestNG-test=Test-1] SignUpStepDefs - the user enters their first name 
[INFO ] 2024-02-28 17:09:08.342 [TestNG-test=Test-1] SignUpStepDefs - the user enters their last name 
[INFO ] 2024-02-28 17:09:08.434 [TestNG-test=Test-1] SignUpStepDefs - the user enters their email 
[INFO ] 2024-02-28 17:09:08.739 [TestNG-test=Test-1] SignUpStepDefs - the user enters their password 
[INFO ] 2024-02-28 17:09:09.099 [TestNG-test=Test-1] SignUpStepDefs - the user click on create botton 
[INFO ] 2024-02-28 17:09:21.784 [TestNG-test=Test-1] SignUpStepDefs - the user should be registered successfully 
[INFO ] 2024-02-28 17:09:52.122 [TestNG-test=Test-1] SignUpStepDefs - User navigates to the signuppage
[INFO ] 2024-02-28 17:09:56.872 [TestNG-test=Test-1] SignUpStepDefs - the user enters their first name 
[INFO ] 2024-02-28 17:09:57.090 [TestNG-test=Test-1] SignUpStepDefs - the user enters their last name 
[INFO ] 2024-02-28 17:09:57.771 [TestNG-test=Test-1] SignUpStepDefs - the user enters their email 
[INFO ] 2024-02-28 17:09:57.954 [TestNG-test=Test-1] SignUpStepDefs - the user enters their password 
[INFO ] 2024-02-28 17:09:58.808 [TestNG-test=Test-1] SignUpStepDefs - the user click on create botton 
[INFO ] 2024-02-28 17:10:08.923 [TestNG-test=Test-1] SignUpStepDefs - the user should be registered successfully 
[INFO ] 2024-02-28 17:10:23.336 [TestNG-test=Test-1] SignUpStepDefs - User navigates to the signuppage
[INFO ] 2024-02-28 17:10:54.779 [TestNG-test=Test-1] SignUpStepDefs - User navigates to the signuppage
[INFO ] 2024-02-28 17:11:01.448 [TestNG-test=Test-1] SignUpStepDefs - the user enters their first name 
[INFO ] 2024-02-28 17:11:01.992 [TestNG-test=Test-1] SignUpStepDefs - the user enters their last name 
[INFO ] 2024-02-28 17:11:03.115 [TestNG-test=Test-1] SignUpStepDefs - the user enters their email 
[INFO ] 2024-02-28 17:11:03.253 [TestNG-test=Test-1] SignUpStepDefs - the user enters their password 
[INFO ] 2024-02-28 17:11:03.433 [TestNG-test=Test-1] SignUpStepDefs - the user click on create botton 
[INFO ] 2024-02-28 17:11:13.618 [TestNG-test=Test-1] SignUpStepDefs - the user should be registered successfully 
[INFO ] 2024-02-28 17:11:25.107 [TestNG-test=Test-1] SignUpStepDefs - User navigates to the signuppage
[INFO ] 2024-02-28 17:11:30.374 [TestNG-test=Test-1] SignUpStepDefs - the user enters their first name 
[INFO ] 2024-02-28 17:11:30.575 [TestNG-test=Test-1] SignUpStepDefs - the user enters their last name 
[INFO ] 2024-02-28 17:11:30.646 [TestNG-test=Test-1] SignUpStepDefs - the user enters their email 
[INFO ] 2024-02-28 17:11:30.753 [TestNG-test=Test-1] SignUpStepDefs - the user enters their password 
[INFO ] 2024-02-28 17:11:30.818 [TestNG-test=Test-1] SignUpStepDefs - the user click on create botton 
[INFO ] 2024-02-28 17:11:44.808 [TestNG-test=Test-1] SignUpStepDefs - the user should be registered successfully 
[INFO ] 2024-02-28 17:12:30.064 [TestNG-test=Test-1] SignUpStepDefs - User navigates to the signuppage
[INFO ] 2024-02-28 17:12:36.715 [TestNG-test=Test-1] SignUpStepDefs - the user enters their first name 
[INFO ] 2024-02-28 17:12:36.859 [TestNG-test=Test-1] SignUpStepDefs - the user enters their last name 
[INFO ] 2024-02-28 17:12:36.935 [TestNG-test=Test-1] SignUpStepDefs - the user enters their email 
[INFO ] 2024-02-28 17:12:37.072 [TestNG-test=Test-1] SignUpStepDefs - the user enters their password 
[INFO ] 2024-02-28 17:12:37.562 [TestNG-test=Test-1] SignUpStepDefs - the user click on create botton 
[INFO ] 2024-02-28 17:12:47.700 [TestNG-test=Test-1] SignUpStepDefs - the user should be registered successfully 
[INFO ] 2024-02-28 17:13:19.666 [TestNG-test=Test-1] SignUpStepDefs - User navigates to the signuppage
[INFO ] 2024-02-28 17:13:27.173 [TestNG-test=Test-1] SignUpStepDefs - the user enters their first name 
[INFO ] 2024-02-28 17:13:27.347 [TestNG-test=Test-1] SignUpStepDefs - the user enters their last name 
[INFO ] 2024-02-28 17:13:27.443 [TestNG-test=Test-1] SignUpStepDefs - the user enters their email 
[INFO ] 2024-02-28 17:13:27.604 [TestNG-test=Test-1] SignUpStepDefs - the user enters their password 
[INFO ] 2024-02-28 17:13:27.731 [TestNG-test=Test-1] SignUpStepDefs - the user click on create botton 
[INFO ] 2024-02-28 17:13:40.906 [TestNG-test=Test-1] SignUpStepDefs - the user should be registered successfully 
[INFO ] 2024-02-28 17:13:58.333 [TestNG-test=Test-1] SignUpStepDefs - User navigates to the signuppage
[INFO ] 2024-02-28 17:14:30.105 [TestNG-test=Test-1] SignUpStepDefs - User navigates to the signuppage
[INFO ] 2024-02-28 17:14:35.438 [TestNG-test=Test-1] SignUpStepDefs - the user enters their first name 
[INFO ] 2024-02-28 17:14:35.849 [TestNG-test=Test-1] SignUpStepDefs - the user enters their last name 
[INFO ] 2024-02-28 17:14:35.932 [TestNG-test=Test-1] SignUpStepDefs - the user enters their email 
[INFO ] 2024-02-28 17:14:36.103 [TestNG-test=Test-1] SignUpStepDefs - the user enters their password 
[INFO ] 2024-02-28 17:14:36.220 [TestNG-test=Test-1] SignUpStepDefs - the user click on create botton 
[INFO ] 2024-02-28 17:15:08.195 [TestNG-test=Test-1] SignUpStepDefs - the user should be registered successfully 
[INFO ] 2024-02-28 17:15:23.588 [TestNG-test=Test-1] SignUpStepDefs - User navigates to the signuppage
[INFO ] 2024-02-28 17:15:28.232 [TestNG-test=Test-1] SignUpStepDefs - the user enters their first name 
[INFO ] 2024-02-28 17:15:28.438 [TestNG-test=Test-1] SignUpStepDefs - the user enters their last name 
[INFO ] 2024-02-28 17:15:29.124 [TestNG-test=Test-1] SignUpStepDefs - the user enters their email 
[INFO ] 2024-02-28 17:15:29.545 [TestNG-test=Test-1] SignUpStepDefs - the user enters their password 
[INFO ] 2024-02-28 17:15:29.640 [TestNG-test=Test-1] SignUpStepDefs - the user click on create botton 
[INFO ] 2024-02-28 17:16:01.448 [TestNG-test=Test-1] SignUpStepDefs - the user should be registered successfully 
[INFO ] 2024-02-28 17:16:13.643 [TestNG-test=Test-1] LoginStepDefs - User navigates to the loginpage
[INFO ] 2024-02-28 17:16:16.385 [TestNG-test=Test-1] LoginStepDefs - user enters username and password
[INFO ] 2024-02-28 17:16:19.549 [TestNG-test=Test-1] LoginStepDefs - clicks the login button
[INFO ] 2024-02-28 17:16:19.552 [TestNG-test=Test-1] LoginStepDefs - Message Should Be Displayed
[INFO ] 2024-02-28 17:17:05.692 [TestNG-test=Test-1] LoginStepDefs - User navigates to the loginpage
[INFO ] 2024-02-28 17:17:08.221 [TestNG-test=Test-1] LoginStepDefs - user enters username and password
[INFO ] 2024-02-28 18:21:37.776 [TestNG-test=Test-1] SignUpStepDefs - User navigates to the signuppage
[INFO ] 2024-02-28 18:21:50.883 [TestNG-test=Test-1] SignUpStepDefs - the user enters their first name 
[INFO ] 2024-02-28 18:21:51.465 [TestNG-test=Test-1] SignUpStepDefs - the user enters their last name 
[INFO ] 2024-02-28 18:21:54.061 [TestNG-test=Test-1] SignUpStepDefs - the user enters their email 
[INFO ] 2024-02-28 18:21:54.664 [TestNG-test=Test-1] SignUpStepDefs - the user enters their password 
[INFO ] 2024-02-28 18:21:55.665 [TestNG-test=Test-1] SignUpStepDefs - the user click on create botton 
[INFO ] 2024-02-28 18:22:06.084 [TestNG-test=Test-1] SignUpStepDefs - the user should be registered successfully 
[INFO ] 2024-02-28 18:22:30.225 [TestNG-test=Test-1] SignUpStepDefs - User navigates to the signuppage
[INFO ] 2024-02-28 18:22:40.910 [TestNG-test=Test-1] SignUpStepDefs - the user enters their first name 
[INFO ] 2024-02-28 18:22:42.668 [TestNG-test=Test-1] SignUpStepDefs - the user enters their last name 
[INFO ] 2024-02-28 18:22:46.717 [TestNG-test=Test-1] SignUpStepDefs - the user enters their email 
[INFO ] 2024-02-28 18:22:54.903 [TestNG-test=Test-1] SignUpStepDefs - the user enters their password 
[INFO ] 2024-02-28 18:22:55.497 [TestNG-test=Test-1] SignUpStepDefs - the user click on create botton 
[INFO ] 2024-02-28 18:23:06.015 [TestNG-test=Test-1] SignUpStepDefs - the user should be registered successfully 
[INFO ] 2024-02-28 18:23:20.701 [TestNG-test=Test-1] SignUpStepDefs - User navigates to the signuppage
[INFO ] 2024-02-28 18:23:35.221 [TestNG-test=Test-1] SignUpStepDefs - the user enters their first name 
[INFO ] 2024-02-28 18:23:35.795 [TestNG-test=Test-1] SignUpStepDefs - the user enters their last name 
[INFO ] 2024-02-28 18:23:38.631 [TestNG-test=Test-1] SignUpStepDefs - the user enters their email 
[INFO ] 2024-02-28 18:23:39.326 [TestNG-test=Test-1] SignUpStepDefs - the user enters their password 
[INFO ] 2024-02-28 18:23:40.240 [TestNG-test=Test-1] SignUpStepDefs - the user click on create botton 
[INFO ] 2024-02-28 18:23:50.827 [TestNG-test=Test-1] SignUpStepDefs - the user should be registered successfully 
[INFO ] 2024-02-28 18:24:04.949 [TestNG-test=Test-1] SignUpStepDefs - User navigates to the signuppage
[INFO ] 2024-02-28 18:24:14.154 [TestNG-test=Test-1] SignUpStepDefs - the user enters their first name 
[INFO ] 2024-02-28 18:24:14.860 [TestNG-test=Test-1] SignUpStepDefs - the user enters their last name 
[INFO ] 2024-02-28 18:24:18.000 [TestNG-test=Test-1] SignUpStepDefs - the user enters their email 
[INFO ] 2024-02-28 18:24:18.415 [TestNG-test=Test-1] SignUpStepDefs - the user enters their password 
[INFO ] 2024-02-28 18:24:19.436 [TestNG-test=Test-1] SignUpStepDefs - the user click on create botton 
[INFO ] 2024-02-28 18:24:30.012 [TestNG-test=Test-1] SignUpStepDefs - the user should be registered successfully 
[INFO ] 2024-02-28 18:24:45.150 [TestNG-test=Test-1] SignUpStepDefs - User navigates to the signuppage
[INFO ] 2024-02-28 18:24:55.950 [TestNG-test=Test-1] SignUpStepDefs - the user enters their first name 
[INFO ] 2024-02-28 18:24:56.509 [TestNG-test=Test-1] SignUpStepDefs - the user enters their last name 
[INFO ] 2024-02-28 18:24:59.302 [TestNG-test=Test-1] SignUpStepDefs - the user enters their email 
[INFO ] 2024-02-28 18:24:59.708 [TestNG-test=Test-1] SignUpStepDefs - the user enters their password 
[INFO ] 2024-02-28 18:25:00.764 [TestNG-test=Test-1] SignUpStepDefs - the user click on create botton 
[INFO ] 2024-02-28 18:25:11.327 [TestNG-test=Test-1] SignUpStepDefs - the user should be registered successfully 
[INFO ] 2024-02-28 18:25:35.220 [TestNG-test=Test-1] SignUpStepDefs - User navigates to the signuppage
[INFO ] 2024-02-28 18:25:44.226 [TestNG-test=Test-1] SignUpStepDefs - the user enters their first name 
[INFO ] 2024-02-28 18:25:45.108 [TestNG-test=Test-1] SignUpStepDefs - the user enters their last name 
[INFO ] 2024-02-28 18:25:49.562 [TestNG-test=Test-1] SignUpStepDefs - the user enters their email 
[INFO ] 2024-02-28 18:25:50.369 [TestNG-test=Test-1] SignUpStepDefs - the user enters their password 
[INFO ] 2024-02-28 18:25:51.305 [TestNG-test=Test-1] SignUpStepDefs - the user click on create botton 
[INFO ] 2024-02-28 18:26:01.756 [TestNG-test=Test-1] SignUpStepDefs - the user should be registered successfully 
[INFO ] 2024-02-28 18:26:17.642 [TestNG-test=Test-1] SignUpStepDefs - User navigates to the signuppage
[INFO ] 2024-02-28 18:26:28.801 [TestNG-test=Test-1] SignUpStepDefs - the user enters their first name 
[INFO ] 2024-02-28 18:26:29.298 [TestNG-test=Test-1] SignUpStepDefs - the user enters their last name 
[INFO ] 2024-02-28 18:26:29.664 [TestNG-test=Test-1] SignUpStepDefs - the user enters their email 
[INFO ] 2024-02-28 18:26:30.020 [TestNG-test=Test-1] SignUpStepDefs - the user enters their password 
[INFO ] 2024-02-28 18:26:30.334 [TestNG-test=Test-1] SignUpStepDefs - the user click on create botton 
[INFO ] 2024-02-28 18:26:45.189 [TestNG-test=Test-1] SignUpStepDefs - the user should be registered successfully 
[INFO ] 2024-02-28 18:27:01.201 [TestNG-test=Test-1] SignUpStepDefs - User navigates to the signuppage
[INFO ] 2024-02-28 18:27:11.869 [TestNG-test=Test-1] SignUpStepDefs - the user enters their first name 
[INFO ] 2024-02-28 18:27:12.218 [TestNG-test=Test-1] SignUpStepDefs - the user enters their last name 
[INFO ] 2024-02-28 18:27:12.474 [TestNG-test=Test-1] SignUpStepDefs - the user enters their email 
[INFO ] 2024-02-28 18:27:12.834 [TestNG-test=Test-1] SignUpStepDefs - the user enters their password 
[INFO ] 2024-02-28 18:27:13.084 [TestNG-test=Test-1] SignUpStepDefs - the user click on create botton 
[INFO ] 2024-02-28 18:27:27.313 [TestNG-test=Test-1] SignUpStepDefs - the user should be registered successfully 
[INFO ] 2024-02-28 18:27:51.168 [TestNG-test=Test-1] SignUpStepDefs - User navigates to the signuppage
[INFO ] 2024-02-28 18:28:00.618 [TestNG-test=Test-1] SignUpStepDefs - the user enters their first name 
[INFO ] 2024-02-28 18:28:01.301 [TestNG-test=Test-1] SignUpStepDefs - the user enters their last name 
[INFO ] 2024-02-28 18:28:01.694 [TestNG-test=Test-1] SignUpStepDefs - the user enters their email 
[INFO ] 2024-02-28 18:28:02.278 [TestNG-test=Test-1] SignUpStepDefs - the user enters their password 
[INFO ] 2024-02-28 18:28:02.656 [TestNG-test=Test-1] SignUpStepDefs - the user click on create botton 
[INFO ] 2024-02-28 18:28:20.912 [TestNG-test=Test-1] SignUpStepDefs - the user should be registered successfully 
[INFO ] 2024-02-28 18:28:37.855 [TestNG-test=Test-1] SignUpStepDefs - User navigates to the signuppage
[INFO ] 2024-02-28 18:28:46.383 [TestNG-test=Test-1] SignUpStepDefs - the user enters their first name 
[INFO ] 2024-02-28 18:28:47.033 [TestNG-test=Test-1] SignUpStepDefs - the user enters their last name 
[INFO ] 2024-02-28 18:28:47.367 [TestNG-test=Test-1] SignUpStepDefs - the user enters their email 
[INFO ] 2024-02-28 18:28:47.818 [TestNG-test=Test-1] SignUpStepDefs - the user enters their password 
[INFO ] 2024-02-28 18:28:48.151 [TestNG-test=Test-1] SignUpStepDefs - the user click on create botton 
[INFO ] 2024-02-28 18:29:01.932 [TestNG-test=Test-1] SignUpStepDefs - the user should be registered successfully 
[INFO ] 2024-02-28 18:29:17.662 [TestNG-test=Test-1] SignUpStepDefs - User navigates to the signuppage
[INFO ] 2024-02-28 18:29:27.653 [TestNG-test=Test-1] SignUpStepDefs - the user enters their first name 
[INFO ] 2024-02-28 18:29:28.371 [TestNG-test=Test-1] SignUpStepDefs - the user enters their last name 
[INFO ] 2024-02-28 18:29:32.208 [TestNG-test=Test-1] SignUpStepDefs - the user enters their email 
[INFO ] 2024-02-28 18:29:32.934 [TestNG-test=Test-1] SignUpStepDefs - the user enters their password 
[INFO ] 2024-02-28 18:29:33.821 [TestNG-test=Test-1] SignUpStepDefs - the user click on create botton 
[INFO ] 2024-02-28 18:29:44.714 [TestNG-test=Test-1] SignUpStepDefs - the user should be registered successfully 
[INFO ] 2024-02-28 18:30:00.543 [TestNG-test=Test-1] LoginStepDefs - User navigates to the loginpage
[INFO ] 2024-02-28 18:30:07.715 [TestNG-test=Test-1] LoginStepDefs - user enters username and password
[INFO ] 2024-02-28 18:30:19.467 [TestNG-test=Test-1] LoginStepDefs - clicks the login button
[INFO ] 2024-02-28 18:30:19.496 [TestNG-test=Test-1] LoginStepDefs - Message Should Be Displayed
[INFO ] 2024-02-28 18:31:18.046 [TestNG-test=Test-1] LoginStepDefs - User navigates to the loginpage
[INFO ] 2024-02-28 18:31:23.161 [TestNG-test=Test-1] LoginStepDefs - user enters username and password
[INFO ] 2024-02-28 18:31:33.119 [TestNG-test=Test-1] LoginStepDefs - clicks the login button
[INFO ] 2024-02-28 18:31:33.123 [TestNG-test=Test-1] LoginStepDefs - Message Should Be Displayed
[INFO ] 2024-02-28 18:31:54.538 [TestNG-test=Test-1] LoginStepDefs - User navigates to the loginpage
[INFO ] 2024-02-28 18:31:59.465 [TestNG-test=Test-1] LoginStepDefs - user enters username and password
[INFO ] 2024-02-28 18:32:09.602 [TestNG-test=Test-1] LoginStepDefs - clicks the login button
[INFO ] 2024-02-28 18:32:09.608 [TestNG-test=Test-1] LoginStepDefs - Message Should Be Displayed
[INFO ] 2024-02-28 18:32:17.167 [TestNG-test=Test-1] LoginStepDefs - User navigates to the loginpage
[INFO ] 2024-02-28 18:32:34.039 [TestNG-test=Test-1] LoginStepDefs - user enters username and password
[INFO ] 2024-02-28 18:32:39.431 [TestNG-test=Test-1] LoginStepDefs - clicks the login button
[INFO ] 2024-02-28 18:32:39.436 [TestNG-test=Test-1] LoginStepDefs - Message Should Be Displayed
[INFO ] 2024-02-28 18:33:07.676 [TestNG-test=Test-1] LoginStepDefs - User navigates to the loginpage
[INFO ] 2024-02-28 18:33:14.060 [TestNG-test=Test-1] LoginStepDefs - user enters username and password
[INFO ] 2024-02-28 18:33:20.905 [TestNG-test=Test-1] LoginStepDefs - clicks the login button
[INFO ] 2024-02-28 18:33:20.921 [TestNG-test=Test-1] LoginStepDefs - Message Should Be Displayed
[INFO ] 2024-02-28 18:33:49.983 [TestNG-test=Test-1] LoginStepDefs - User navigates to the loginpage
[INFO ] 2024-02-28 18:34:06.456 [TestNG-test=Test-1] LoginStepDefs - user enters username and password
[INFO ] 2024-02-28 18:34:11.980 [TestNG-test=Test-1] LoginStepDefs - clicks the login button
[INFO ] 2024-02-28 18:34:11.984 [TestNG-test=Test-1] LoginStepDefs - Message Should Be Displayed
[INFO ] 2024-02-28 18:34:33.490 [TestNG-test=Test-1] LoginStepDefs - User navigates to the loginpage
[INFO ] 2024-02-28 18:34:39.028 [TestNG-test=Test-1] LoginStepDefs - user enters username and password
[INFO ] 2024-02-28 18:34:54.040 [TestNG-test=Test-1] LoginStepDefs - clicks the login button
[INFO ] 2024-02-28 18:34:54.043 [TestNG-test=Test-1] LoginStepDefs - Message Should Be Displayed
[INFO ] 2024-02-28 18:35:24.028 [TestNG-test=Test-1] LoginStepDefs - User navigates to the loginpage
[INFO ] 2024-02-28 18:35:56.105 [TestNG-test=Test-1] LoginStepDefs - user enters username and password
[INFO ] 2024-02-28 18:36:10.155 [TestNG-test=Test-1] LoginStepDefs - clicks the login button
[INFO ] 2024-02-28 18:36:10.160 [TestNG-test=Test-1] LoginStepDefs - Message Should Be Displayed
[INFO ] 2024-02-28 18:36:46.315 [TestNG-test=Test-1] LoginStepDefs - User navigates to the loginpage
[INFO ] 2024-02-28 18:36:53.321 [TestNG-test=Test-1] LoginStepDefs - user enters username and password
[INFO ] 2024-02-28 18:37:16.386 [TestNG-test=Test-1] LoginStepDefs - clicks the login button
[INFO ] 2024-02-28 18:37:16.400 [TestNG-test=Test-1] LoginStepDefs - Message Should Be Displayed
[INFO ] 2024-02-28 18:37:37.269 [TestNG-test=Test-1] LoginStepDefs - User navigates to the loginpage
[INFO ] 2024-02-28 18:37:42.381 [TestNG-test=Test-1] LoginStepDefs - user enters username and password
[INFO ] 2024-02-28 18:37:56.812 [TestNG-test=Test-1] LoginStepDefs - clicks the login button
[INFO ] 2024-02-28 18:37:56.816 [TestNG-test=Test-1] LoginStepDefs - Message Should Be Displayed
[INFO ] 2024-02-28 18:38:30.564 [TestNG-test=Test-1] LoginStepDefs - User navigates to the loginpage
[INFO ] 2024-02-28 18:38:57.035 [TestNG-test=Test-1] LoginStepDefs - user enters username and password
[INFO ] 2024-02-28 18:39:05.166 [TestNG-test=Test-1] LoginStepDefs - clicks the login button
[INFO ] 2024-02-28 18:39:05.169 [TestNG-test=Test-1] LoginStepDefs - Message Should Be Displayed
[INFO ] 2024-02-28 18:39:21.767 [TestNG-test=Test-1] LoginStepDefs - User navigates to the loginpage
[INFO ] 2024-02-28 18:39:26.872 [TestNG-test=Test-1] LoginStepDefs - user enters username and password
[INFO ] 2024-02-28 18:39:37.779 [TestNG-test=Test-1] LoginStepDefs - clicks the login button
[INFO ] 2024-02-28 18:39:37.783 [TestNG-test=Test-1] LoginStepDefs - Message Should Be Displayed
[INFO ] 2024-02-28 18:39:57.358 [TestNG-test=Test-1] LoginStepDefs - User navigates to the loginpage
[INFO ] 2024-02-28 18:40:02.715 [TestNG-test=Test-1] LoginStepDefs - user enters username and password
[INFO ] 2024-02-28 18:40:15.487 [TestNG-test=Test-1] LoginStepDefs - clicks the login button
[INFO ] 2024-02-28 18:40:15.492 [TestNG-test=Test-1] LoginStepDefs - Message Should Be Displayed
[INFO ] 2024-02-28 18:40:34.023 [TestNG-test=Test-1] LoginStepDefs - User navigates to the loginpage
[INFO ] 2024-02-28 18:40:39.527 [TestNG-test=Test-1] LoginStepDefs - user enters username and password
[INFO ] 2024-02-28 18:40:46.824 [TestNG-test=Test-1] LoginStepDefs - clicks the login button
[INFO ] 2024-02-28 18:40:46.827 [TestNG-test=Test-1] LoginStepDefs - Message Should Be Displayed
[INFO ] 2024-02-28 18:41:01.201 [TestNG-test=Test-1] LoginStepDefs - User navigates to the loginpage
[INFO ] 2024-02-28 18:41:06.088 [TestNG-test=Test-1] LoginStepDefs - user enters username and password
[INFO ] 2024-02-28 18:41:16.126 [TestNG-test=Test-1] LoginStepDefs - clicks the login button
[INFO ] 2024-02-28 18:41:16.139 [TestNG-test=Test-1] LoginStepDefs - Message Should Be Displayed
[INFO ] 2024-02-28 18:41:37.063 [TestNG-test=Test-1] LoginStepDefs - User navigates to the loginpage
[INFO ] 2024-02-28 18:41:43.904 [TestNG-test=Test-1] LoginStepDefs - user enters username and password
[INFO ] 2024-02-28 18:41:54.612 [TestNG-test=Test-1] LoginStepDefs - clicks the login button
[INFO ] 2024-02-28 18:41:54.627 [TestNG-test=Test-1] LoginStepDefs - Message Should Be Displayed
[INFO ] 2024-02-28 18:42:10.246 [TestNG-test=Test-1] Searchsteps - Chilternoak Furniture Homepage
[INFO ] 2024-02-28 18:42:10.253 [TestNG-test=Test-1] Searchsteps - entering valid product name
[INFO ] 2024-02-28 18:42:12.036 [TestNG-test=Test-1] Searchsteps - clicking on search button
[INFO ] 2024-02-28 18:42:45.870 [TestNG-test=Test-1] Searchsteps - Chilternoak Furniture Homepage
[INFO ] 2024-02-28 18:42:45.873 [TestNG-test=Test-1] Searchsteps - entering valid product name
[INFO ] 2024-02-28 18:42:49.428 [TestNG-test=Test-1] Searchsteps - clicking on search button
[INFO ] 2024-02-28 18:43:31.513 [TestNG-test=Test-1] Searchsteps - Chilternoak Furniture Homepage
[INFO ] 2024-02-28 18:43:31.516 [TestNG-test=Test-1] Searchsteps - entering valid product name
[INFO ] 2024-02-28 18:43:33.809 [TestNG-test=Test-1] Searchsteps - clicking on search button
[INFO ] 2024-02-28 18:44:04.244 [TestNG-test=Test-1] Searchsteps - Chilternoak Furniture Homepage
[INFO ] 2024-02-28 18:44:04.252 [TestNG-test=Test-1] Searchsteps - entering valid product name
[INFO ] 2024-02-28 18:44:04.902 [TestNG-test=Test-1] Searchsteps - clicking on search button
[INFO ] 2024-02-28 18:44:29.881 [TestNG-test=Test-1] Searchsteps - Chilternoak Furniture Homepage
[INFO ] 2024-02-28 18:44:29.884 [TestNG-test=Test-1] Searchsteps - entering valid product name
[INFO ] 2024-02-28 18:44:32.251 [TestNG-test=Test-1] Searchsteps - clicking on search button
[INFO ] 2024-02-28 18:45:06.125 [TestNG-test=Test-1] Searchsteps - Chilternoak Furniture Homepage
[INFO ] 2024-02-28 18:45:06.128 [TestNG-test=Test-1] Searchsteps - entering valid product name
[INFO ] 2024-02-28 18:45:07.435 [TestNG-test=Test-1] Searchsteps - clicking on search button
[INFO ] 2024-02-28 18:45:40.596 [TestNG-test=Test-1] Searchsteps - Chilternoak Furniture Homepage
[INFO ] 2024-02-28 18:45:40.600 [TestNG-test=Test-1] Searchsteps - entering valid product name
[INFO ] 2024-02-28 18:45:42.367 [TestNG-test=Test-1] Searchsteps - clicking on search button
[INFO ] 2024-02-28 18:46:04.116 [TestNG-test=Test-1] Searchsteps - Chilternoak Furniture Homepage
[INFO ] 2024-02-28 18:46:04.118 [TestNG-test=Test-1] Searchsteps - entering valid product name
[INFO ] 2024-02-28 18:46:07.188 [TestNG-test=Test-1] Searchsteps - clicking on search button
[INFO ] 2024-02-28 18:46:39.484 [TestNG-test=Test-1] cart - user searches for sofa
[INFO ] 2024-02-28 18:47:05.203 [TestNG-test=Test-1] cart - Then adds item to cart
[INFO ] 2024-02-28 18:47:13.018 [TestNG-test=Test-1] cart - Then removes item from cart
[INFO ] 2024-02-28 18:48:30.728 [TestNG-test=Test-1] cart - user searches for sofa
[INFO ] 2024-02-28 18:48:58.989 [TestNG-test=Test-1] cart - Then adds item to cart
[INFO ] 2024-02-28 18:49:08.527 [TestNG-test=Test-1] cart - Then removes item from cart
[INFO ] 2024-02-28 18:49:34.838 [TestNG-test=Test-1] cart - user searches for table
[INFO ] 2024-02-28 18:49:52.488 [TestNG-test=Test-1] cart - Then adds item to cart
[INFO ] 2024-02-28 18:50:08.473 [TestNG-test=Test-1] cart - user searches for sofa
[INFO ] 2024-02-28 18:50:18.475 [TestNG-test=Test-1] cart - Then adds item to cart
[INFO ] 2024-02-28 18:50:51.911 [TestNG-test=Test-1] cart - Then adds item to cart
[INFO ] 2024-02-28 18:51:51.813 [TestNG-test=Test-1] cart - user searches for table
[INFO ] 2024-02-28 18:52:12.535 [TestNG-test=Test-1] cart - Then adds item to cart
[INFO ] 2024-02-28 18:52:17.235 [TestNG-test=Test-1] cart - The quantity is increased
[INFO ] 2024-02-28 18:53:15.936 [TestNG-test=Test-1] FilterStepdefinition - User navigate to product catlog page
[INFO ] 2024-02-28 18:53:15.966 [TestNG-test=Test-1] FilterStepdefinition - Item searched
[INFO ] 2024-02-28 18:53:38.204 [TestNG-test=Test-1] FilterStepdefinition - Filter operation performed successfully.
[INFO ] 2024-02-28 18:54:13.814 [TestNG-test=Test-1] FilterStepdefinition - User navigate to product catlog page
[INFO ] 2024-02-28 18:54:13.819 [TestNG-test=Test-1] FilterStepdefinition - Item searched
[INFO ] 2024-02-28 18:54:34.951 [TestNG-test=Test-1] FilterStepdefinition - User choose the color of product
[INFO ] 2024-02-28 18:54:38.755 [TestNG-test=Test-1] FilterStepdefinition - Filter operation performed successfully.
[INFO ] 2024-02-28 18:55:17.369 [TestNG-test=Test-1] FilterStepdefinition - User navigate to product catlog page
[INFO ] 2024-02-28 18:55:17.372 [TestNG-test=Test-1] FilterStepdefinition - Item searched
[INFO ] 2024-02-28 18:55:37.525 [TestNG-test=Test-1] FilterStepdefinition - Drag item price element
[INFO ] 2024-02-28 18:55:44.499 [TestNG-test=Test-1] FilterStepdefinition - User choose the color of product
[INFO ] 2024-02-28 18:55:52.844 [TestNG-test=Test-1] FilterStepdefinition - Filter operation performed successfully.
[INFO ] 2024-02-28 18:56:48.096 [TestNG-test=Test-1] FilterStepdefinition - User navigate to product catlog page
[INFO ] 2024-02-28 18:56:48.104 [TestNG-test=Test-1] FilterStepdefinition - Item searched
[INFO ] 2024-02-28 18:57:15.245 [TestNG-test=Test-1] FilterStepdefinition - Drag item price element
[INFO ] 2024-02-28 18:57:36.139 [TestNG-test=Test-1] FilterStepdefinition - User choose the color of product
[INFO ] 2024-02-28 18:57:48.803 [TestNG-test=Test-1] FilterStepdefinition - Filter operation performed successfully.
[INFO ] 2024-02-28 18:58:15.061 [TestNG-test=Test-1] ContactUsSteps - Chilternoak Furniture Homepage
[INFO ] 2024-02-28 18:58:15.063 [TestNG-test=Test-1] ContactUsSteps - Clicking on ContactUs link
[INFO ] 2024-02-28 18:58:22.254 [TestNG-test=Test-1] ContactUsSteps - Capturing the title of the page
[INFO ] 2024-02-28 18:58:22.257 [TestNG-test=Test-1] ContactUsSteps - Entering the name
[INFO ] 2024-02-28 18:58:24.957 [TestNG-test=Test-1] ContactUsSteps - Entering the mail
[INFO ] 2024-02-28 18:58:27.998 [TestNG-test=Test-1] ContactUsSteps - Entering the Phone
[INFO ] 2024-02-28 18:58:33.157 [TestNG-test=Test-1] ContactUsSteps - Entering the message
[INFO ] 2024-02-28 18:58:55.241 [TestNG-test=Test-1] ContactUsSteps - Click on the send button
[INFO ] 2024-02-28 18:59:09.131 [TestNG-test=Test-1] ContactUsSteps - Validate Url
[INFO ] 2024-02-28 18:59:46.745 [TestNG-test=Test-1] ContactUsSteps - Chilternoak Furniture Homepage
[INFO ] 2024-02-28 18:59:46.748 [TestNG-test=Test-1] ContactUsSteps - Clicking on ContactUs link
[INFO ] 2024-02-28 18:59:59.898 [TestNG-test=Test-1] ContactUsSteps - Capturing the title of the page
[INFO ] 2024-02-28 18:59:59.903 [TestNG-test=Test-1] ContactUsSteps - Entering the name
[INFO ] 2024-02-28 19:00:04.100 [TestNG-test=Test-1] ContactUsSteps - Entering the mail
[INFO ] 2024-02-28 19:00:21.169 [TestNG-test=Test-1] ContactUsSteps - Entering the Phone
[INFO ] 2024-02-28 19:00:26.186 [TestNG-test=Test-1] ContactUsSteps - Entering the message
[INFO ] 2024-02-28 19:00:28.960 [TestNG-test=Test-1] ContactUsSteps - Click on the send button
[INFO ] 2024-02-28 19:00:41.295 [TestNG-test=Test-1] ContactUsSteps - Validate Url
[INFO ] 2024-02-28 19:00:57.733 [TestNG-test=Test-1] ContactUsSteps - Chilternoak Furniture Homepage
[INFO ] 2024-02-28 19:00:57.735 [TestNG-test=Test-1] ContactUsSteps - Clicking on ContactUs link
[INFO ] 2024-02-28 19:01:03.350 [TestNG-test=Test-1] ContactUsSteps - Capturing the title of the page
[INFO ] 2024-02-28 19:01:03.354 [TestNG-test=Test-1] ContactUsSteps - Entering the name
[INFO ] 2024-02-28 19:01:05.634 [TestNG-test=Test-1] ContactUsSteps - Entering the mail
[INFO ] 2024-02-28 19:01:07.855 [TestNG-test=Test-1] ContactUsSteps - Entering the Phone
[INFO ] 2024-02-28 19:01:10.166 [TestNG-test=Test-1] ContactUsSteps - Entering the message
[INFO ] 2024-02-28 19:01:12.841 [TestNG-test=Test-1] ContactUsSteps - Click on the send button
[INFO ] 2024-02-28 19:01:31.720 [TestNG-test=Test-1] ContactUsSteps - Validate Url
[INFO ] 2024-02-28 19:02:37.574 [TestNG-test=Test-1] ContactUsSteps - Chilternoak Furniture Homepage
[INFO ] 2024-02-28 19:02:37.581 [TestNG-test=Test-1] ContactUsSteps - Clicking on ContactUs link
[INFO ] 2024-02-28 19:02:46.350 [TestNG-test=Test-1] ContactUsSteps - Capturing the title of the page
[INFO ] 2024-02-28 19:02:46.358 [TestNG-test=Test-1] ContactUsSteps - Entering the name
[INFO ] 2024-02-28 19:02:49.305 [TestNG-test=Test-1] ContactUsSteps - Entering the mail
[INFO ] 2024-02-28 19:02:51.802 [TestNG-test=Test-1] ContactUsSteps - Entering the Phone
[INFO ] 2024-02-28 19:02:56.884 [TestNG-test=Test-1] ContactUsSteps - Entering the message
[INFO ] 2024-02-28 19:03:02.576 [TestNG-test=Test-1] ContactUsSteps - Click on the send button
[INFO ] 2024-02-28 19:03:14.889 [TestNG-test=Test-1] ContactUsSteps - Validate Url
[INFO ] 2024-02-28 19:03:32.041 [TestNG-test=Test-1] ContactUsSteps - Chilternoak Furniture Homepage
[INFO ] 2024-02-28 19:03:32.044 [TestNG-test=Test-1] ContactUsSteps - Clicking on ContactUs link
[INFO ] 2024-02-28 19:03:39.854 [TestNG-test=Test-1] ContactUsSteps - Capturing the title of the page
[INFO ] 2024-02-28 19:03:39.857 [TestNG-test=Test-1] ContactUsSteps - Entering the name
[INFO ] 2024-02-28 19:03:42.338 [TestNG-test=Test-1] ContactUsSteps - Entering the mail
[INFO ] 2024-02-28 19:03:45.770 [TestNG-test=Test-1] ContactUsSteps - Entering the Phone
[INFO ] 2024-02-28 19:03:48.071 [TestNG-test=Test-1] ContactUsSteps - Entering the message
[INFO ] 2024-02-28 19:03:50.901 [TestNG-test=Test-1] ContactUsSteps - Click on the send button
[INFO ] 2024-02-28 19:04:03.450 [TestNG-test=Test-1] ContactUsSteps - Validate Url
[INFO ] 2024-02-28 19:04:11.327 [TestNG-test=Test-1] SubscribeSteps - user in homepage
[INFO ] 2024-02-28 19:04:11.337 [TestNG-test=Test-1] SubscribeSteps - user click Subscribe email text box
[INFO ] 2024-02-28 19:04:34.078 [TestNG-test=Test-1] SubscribeSteps - user fills the email
[INFO ] 2024-02-28 19:04:38.649 [TestNG-test=Test-1] SubscribeSteps - user clicks on subscribe button
[INFO ] 2024-02-28 19:04:41.357 [TestNG-test=Test-1] SubscribeSteps - it shows sucess message {string}
[INFO ] 2024-02-28 19:05:10.136 [TestNG-test=Test-1] SubscribeSteps - user in homepage
[INFO ] 2024-02-28 19:05:10.143 [TestNG-test=Test-1] SubscribeSteps - user click Subscribe email text box
[INFO ] 2024-02-28 19:05:12.682 [TestNG-test=Test-1] SubscribeSteps - user fills the email
[INFO ] 2024-02-28 19:05:29.276 [TestNG-test=Test-1] SubscribeSteps - user clicks on subscribe button
[INFO ] 2024-02-28 19:05:32.182 [TestNG-test=Test-1] SubscribeSteps - it shows sucess message {string}
[INFO ] 2024-02-28 19:06:32.142 [TestNG-test=Test-1] SubscribeSteps - user in homepage
[INFO ] 2024-02-28 19:06:32.145 [TestNG-test=Test-1] SubscribeSteps - user click Subscribe email text box
[INFO ] 2024-02-28 19:06:35.125 [TestNG-test=Test-1] SubscribeSteps - user fills the email
[INFO ] 2024-02-28 19:06:41.333 [TestNG-test=Test-1] SubscribeSteps - user clicks on subscribe button
[INFO ] 2024-02-28 19:06:45.467 [TestNG-test=Test-1] SubscribeSteps - it shows sucess message {string}
[INFO ] 2024-02-28 19:07:01.644 [TestNG-test=Test-1] SubscribeSteps - user in homepage
[INFO ] 2024-02-28 19:07:01.645 [TestNG-test=Test-1] SubscribeSteps - user click Subscribe email text box
[INFO ] 2024-02-28 19:07:03.962 [TestNG-test=Test-1] SubscribeSteps - user fills the email
[INFO ] 2024-02-28 19:07:14.015 [TestNG-test=Test-1] SubscribeSteps - user clicks on subscribe button
[INFO ] 2024-02-28 19:07:19.339 [TestNG-test=Test-1] SubscribeSteps - it shows sucess message {string}
